09:15:07.567 [main] INFO  c.p.PandaAdminApplicationTests - [logStarting,55] - Starting PandaAdminApplicationTests using Java 17.0.10 on bogon with PID 8673 (started by charlotte in /Users/charlotte/Desktop/编程/临时项目/影院售票系统/CinemaBookingSystem/panda-admin)
09:15:07.565 [background-preinit] INFO  o.h.v.i.util.Version - [<clinit>,21] - HV000001: Hibernate Validator 6.2.0.Final
09:15:07.568 [main] INFO  c.p.PandaAdminApplicationTests - [logStartupProfileInfo,641] - The following profiles are active: druid
09:15:08.128 [main] INFO  c.a.d.s.b.a.DruidDataSourceAutoConfigure - [dataSource,56] - Init DruidDataSource
09:15:08.586 [main] INFO  c.a.d.p.DruidDataSource - [init,985] - {dataSource-1} inited
09:15:09.551 [main] INFO  o.q.i.StdSchedulerFactory - [instantiate,1220] - Using default implementation for ThreadExecutor
09:15:09.558 [main] INFO  o.q.c.SchedulerSignalerImpl - [<init>,61] - Initialized Scheduler Signaller of type: class org.quartz.core.SchedulerSignalerImpl
09:15:09.558 [main] INFO  o.q.c.QuartzScheduler - [<init>,229] - Quartz Scheduler v.2.3.2 created.
09:15:09.559 [main] INFO  o.q.s.RAMJobStore - [initialize,155] - RAMJobStore initialized.
09:15:09.559 [main] INFO  o.q.c.QuartzScheduler - [initialize,294] - Scheduler meta-data: Quartz Scheduler (v2.3.2) 'quartzScheduler' with instanceId 'NON_CLUSTERED'
  Scheduler class: 'org.quartz.core.QuartzScheduler' - running locally.
  NOT STARTED.
  Currently in standby mode.
  Number of jobs executed: 0
  Using thread pool 'org.quartz.simpl.SimpleThreadPool' - with 10 threads.
  Using job-store 'org.quartz.simpl.RAMJobStore' - which does not support persistence. and is not clustered.

09:15:09.559 [main] INFO  o.q.i.StdSchedulerFactory - [instantiate,1374] - Quartz scheduler 'quartzScheduler' initialized from an externally provided properties instance.
09:15:09.559 [main] INFO  o.q.i.StdSchedulerFactory - [instantiate,1378] - Quartz scheduler version: 2.3.2
09:15:09.559 [main] INFO  o.q.c.QuartzScheduler - [setJobFactory,2293] - JobFactory set to: org.springframework.scheduling.quartz.SpringBeanJobFactory@6a04d2a4
09:15:09.748 [main] INFO  o.q.c.QuartzScheduler - [start,547] - Scheduler quartzScheduler_$_NON_CLUSTERED started.
09:15:09.788 [main] INFO  c.p.PandaAdminApplicationTests - [logStarted,61] - Started PandaAdminApplicationTests in 2.498 seconds (JVM running for 2.956)
09:15:10.150 [SpringApplicationShutdownHook] INFO  o.q.c.QuartzScheduler - [standby,585] - Scheduler quartzScheduler_$_NON_CLUSTERED paused.
09:15:10.151 [SpringApplicationShutdownHook] INFO  o.q.c.QuartzScheduler - [shutdown,666] - Scheduler quartzScheduler_$_NON_CLUSTERED shutting down.
09:15:10.151 [SpringApplicationShutdownHook] INFO  o.q.c.QuartzScheduler - [standby,585] - Scheduler quartzScheduler_$_NON_CLUSTERED paused.
09:15:10.152 [SpringApplicationShutdownHook] INFO  o.q.c.QuartzScheduler - [shutdown,740] - Scheduler quartzScheduler_$_NON_CLUSTERED shutdown complete.
09:15:10.159 [SpringApplicationShutdownHook] INFO  c.a.d.p.DruidDataSource - [close,2032] - {dataSource-1} closing ...
09:15:10.174 [SpringApplicationShutdownHook] INFO  c.a.d.p.DruidDataSource - [close,2104] - {dataSource-1} closed
