08:39:16.233 [background-preinit] INFO  o.h.v.i.util.Version - [<clinit>,21] - HV000001: Hibernate Validator 6.2.0.Final
08:39:16.285 [restartedMain] INFO  c.p.PandaAdminApplication - [logStarting,55] - Starting PandaAdminApplication using Java 17.0.10 on CharlotteMacBook-Pro.local with PID 49239 (/Users/charlotte/Desktop/编程/临时项目/影院售票系统/CinemaBookingSystem/panda-admin/target/classes started by charlotte in /Users/charlotte/Desktop/编程/临时项目/影院售票系统/CinemaBookingSystem)
08:39:16.286 [restartedMain] INFO  c.p.PandaAdminApplication - [logStartupProfileInfo,641] - The following profiles are active: druid
08:39:17.357 [restartedMain] INFO  c.a.d.s.b.a.DruidDataSourceAutoConfigure - [dataSource,56] - Init DruidDataSource
08:39:17.832 [restartedMain] INFO  c.a.d.p.DruidDataSource - [init,985] - {dataSource-1} inited
08:39:18.142 [restartedMain] INFO  o.a.c.h.Http11NioProtocol - [log,173] - Initializing ProtocolHandler ["http-nio-8181"]
08:39:18.143 [restartedMain] INFO  o.a.c.c.StandardService - [log,173] - Starting service [Tomcat]
08:39:18.143 [restartedMain] INFO  o.a.c.c.StandardEngine - [log,173] - Starting Servlet engine: [Apache Tomcat/9.0.56]
08:39:18.177 [restartedMain] INFO  o.a.c.c.C.[.[.[/] - [log,173] - Initializing Spring embedded WebApplicationContext
08:39:18.740 [restartedMain] INFO  o.q.i.StdSchedulerFactory - [instantiate,1220] - Using default implementation for ThreadExecutor
08:39:18.744 [restartedMain] INFO  o.q.c.SchedulerSignalerImpl - [<init>,61] - Initialized Scheduler Signaller of type: class org.quartz.core.SchedulerSignalerImpl
08:39:18.744 [restartedMain] INFO  o.q.c.QuartzScheduler - [<init>,229] - Quartz Scheduler v.2.3.2 created.
08:39:18.745 [restartedMain] INFO  o.q.s.RAMJobStore - [initialize,155] - RAMJobStore initialized.
08:39:18.745 [restartedMain] INFO  o.q.c.QuartzScheduler - [initialize,294] - Scheduler meta-data: Quartz Scheduler (v2.3.2) 'quartzScheduler' with instanceId 'NON_CLUSTERED'
  Scheduler class: 'org.quartz.core.QuartzScheduler' - running locally.
  NOT STARTED.
  Currently in standby mode.
  Number of jobs executed: 0
  Using thread pool 'org.quartz.simpl.SimpleThreadPool' - with 10 threads.
  Using job-store 'org.quartz.simpl.RAMJobStore' - which does not support persistence. and is not clustered.

08:39:18.745 [restartedMain] INFO  o.q.i.StdSchedulerFactory - [instantiate,1374] - Quartz scheduler 'quartzScheduler' initialized from an externally provided properties instance.
08:39:18.745 [restartedMain] INFO  o.q.i.StdSchedulerFactory - [instantiate,1378] - Quartz scheduler version: 2.3.2
08:39:18.745 [restartedMain] INFO  o.q.c.QuartzScheduler - [setJobFactory,2293] - JobFactory set to: org.springframework.scheduling.quartz.SpringBeanJobFactory@12e0ae7d
08:39:18.798 [restartedMain] INFO  o.a.c.h.Http11NioProtocol - [log,173] - Starting ProtocolHandler ["http-nio-8181"]
08:39:18.807 [restartedMain] INFO  o.q.c.QuartzScheduler - [start,547] - Scheduler quartzScheduler_$_NON_CLUSTERED started.
08:39:18.812 [restartedMain] INFO  c.p.PandaAdminApplication - [logStarted,61] - Started PandaAdminApplication in 3.012 seconds (JVM running for 3.649)
08:40:16.121 [http-nio-8181-exec-1] INFO  o.a.c.c.C.[.[.[/] - [log,173] - Initializing Spring DispatcherServlet 'dispatcherServlet'
08:40:19.979 [http-nio-8181-exec-7] INFO  c.p.c.utils.JwtUtil - [verify,38] - 登录验证成功!
08:40:22.484 [http-nio-8181-exec-9] INFO  c.p.c.utils.JwtUtil - [verify,38] - 登录验证成功!
08:42:09.341 [http-nio-8181-exec-5] INFO  c.p.c.utils.JwtUtil - [verify,38] - 登录验证成功!
08:43:19.146 [http-nio-8181-exec-3] INFO  c.p.c.utils.JwtUtil - [verify,38] - 登录验证成功!
08:43:19.149 [http-nio-8181-exec-2] INFO  c.p.c.utils.JwtUtil - [verify,38] - 登录验证成功!
08:43:24.069 [http-nio-8181-exec-7] INFO  c.p.c.utils.JwtUtil - [verify,38] - 登录验证成功!
08:43:29.726 [http-nio-8181-exec-10] INFO  c.p.c.utils.JwtUtil - [verify,38] - 登录验证成功!
08:43:42.157 [http-nio-8181-exec-4] INFO  c.p.c.utils.JwtUtil - [verify,38] - 登录验证成功!
08:43:43.097 [http-nio-8181-exec-9] INFO  c.p.c.utils.JwtUtil - [verify,38] - 登录验证成功!
08:43:43.097 [http-nio-8181-exec-10] INFO  c.p.c.utils.JwtUtil - [verify,38] - 登录验证成功!
08:43:50.596 [http-nio-8181-exec-6] INFO  c.p.c.utils.JwtUtil - [verify,38] - 登录验证成功!
08:43:50.596 [http-nio-8181-exec-10] INFO  c.p.c.utils.JwtUtil - [verify,38] - 登录验证成功!
08:46:43.526 [http-nio-8181-exec-7] INFO  c.p.c.utils.JwtUtil - [verify,38] - 登录验证成功!
08:46:47.213 [http-nio-8181-exec-10] INFO  c.p.c.utils.JwtUtil - [verify,38] - 登录验证成功!
08:47:32.650 [http-nio-8181-exec-3] INFO  c.p.c.utils.JwtUtil - [verify,38] - 登录验证成功!
08:47:37.133 [http-nio-8181-exec-5] INFO  c.p.c.utils.JwtUtil - [verify,38] - 登录验证成功!
08:47:39.574 [http-nio-8181-exec-8] INFO  c.p.c.utils.JwtUtil - [verify,38] - 登录验证成功!
08:49:12.525 [http-nio-8181-exec-9] INFO  c.p.c.utils.JwtUtil - [verify,38] - 登录验证成功!
08:49:21.436 [http-nio-8181-exec-7] INFO  c.p.c.utils.JwtUtil - [verify,38] - 登录验证成功!
08:49:27.487 [http-nio-8181-exec-10] INFO  c.p.c.utils.JwtUtil - [verify,38] - 登录验证成功!
08:49:28.334 [http-nio-8181-exec-9] INFO  c.p.c.utils.JwtUtil - [verify,38] - 登录验证成功!
08:49:29.938 [http-nio-8181-exec-1] INFO  c.p.c.utils.JwtUtil - [verify,38] - 登录验证成功!
08:49:45.052 [http-nio-8181-exec-5] INFO  c.p.c.utils.JwtUtil - [verify,38] - 登录验证成功!
08:49:49.559 [http-nio-8181-exec-10] INFO  c.p.c.utils.JwtUtil - [verify,38] - 登录验证成功!
08:49:55.999 [http-nio-8181-exec-4] INFO  c.p.c.utils.JwtUtil - [verify,38] - 登录验证成功!
08:49:56.000 [http-nio-8181-exec-7] INFO  c.p.c.utils.JwtUtil - [verify,38] - 登录验证成功!
08:51:01.711 [http-nio-8181-exec-10] INFO  c.p.c.utils.JwtUtil - [verify,38] - 登录验证成功!
08:51:04.128 [http-nio-8181-exec-1] INFO  c.p.c.utils.JwtUtil - [verify,38] - 登录验证成功!
08:51:31.138 [http-nio-8181-exec-4] INFO  c.p.c.utils.JwtUtil - [verify,38] - 登录验证成功!
08:51:31.161 [http-nio-8181-exec-6] INFO  c.p.c.utils.JwtUtil - [verify,38] - 登录验证成功!
08:51:31.241 [http-nio-8181-exec-10] INFO  c.p.c.utils.JwtUtil - [verify,38] - 登录验证成功!
08:56:51.197 [http-nio-8181-exec-8] INFO  c.p.c.utils.JwtUtil - [verify,38] - 登录验证成功!
08:56:51.321 [http-nio-8181-exec-10] INFO  c.p.c.utils.JwtUtil - [verify,38] - 登录验证成功!
08:56:53.908 [http-nio-8181-exec-9] INFO  c.p.c.utils.JwtUtil - [verify,38] - 登录验证成功!
08:56:55.141 [http-nio-8181-exec-2] INFO  c.p.c.utils.JwtUtil - [verify,38] - 登录验证成功!
08:57:07.064 [http-nio-8181-exec-10] INFO  c.p.c.utils.JwtUtil - [verify,38] - 登录验证成功!
08:57:07.125 [http-nio-8181-exec-1] INFO  c.p.c.utils.JwtUtil - [verify,38] - 登录验证成功!
08:57:08.076 [http-nio-8181-exec-9] INFO  c.p.c.utils.JwtUtil - [verify,38] - 登录验证成功!
08:57:15.735 [http-nio-8181-exec-10] INFO  c.p.c.utils.JwtUtil - [verify,38] - 登录验证成功!
08:57:17.096 [http-nio-8181-exec-8] INFO  c.p.c.utils.JwtUtil - [verify,38] - 登录验证成功!
08:57:17.096 [http-nio-8181-exec-9] INFO  c.p.c.utils.JwtUtil - [verify,38] - 登录验证成功!
08:57:22.741 [http-nio-8181-exec-5] INFO  c.p.c.utils.JwtUtil - [verify,38] - 登录验证成功!
09:23:18.172 [SpringApplicationShutdownHook] INFO  o.q.c.QuartzScheduler - [standby,585] - Scheduler quartzScheduler_$_NON_CLUSTERED paused.
09:23:18.238 [SpringApplicationShutdownHook] INFO  o.q.c.QuartzScheduler - [shutdown,666] - Scheduler quartzScheduler_$_NON_CLUSTERED shutting down.
09:23:18.238 [SpringApplicationShutdownHook] INFO  o.q.c.QuartzScheduler - [standby,585] - Scheduler quartzScheduler_$_NON_CLUSTERED paused.
09:23:18.238 [SpringApplicationShutdownHook] INFO  o.q.c.QuartzScheduler - [shutdown,740] - Scheduler quartzScheduler_$_NON_CLUSTERED shutdown complete.
09:23:18.242 [SpringApplicationShutdownHook] INFO  c.a.d.p.DruidDataSource - [close,2032] - {dataSource-1} closing ...
09:23:18.244 [SpringApplicationShutdownHook] INFO  c.a.d.p.DruidDataSource - [close,2104] - {dataSource-1} closed
