15:23:11.597 [restartedMain] INFO  c.p.PandaAdminApplication - [logStarting,55] - Starting PandaAdminApplication using Java 17.0.10 on bogon with PID 34853 (/Users/charlotte/Desktop/编程/临时项目/影院售票系统/CinemaBookingSystem/panda-admin/target/classes started by charlotte in /Users/charlotte/Desktop/编程/临时项目/影院售票系统/CinemaBookingSystem)
15:23:11.597 [background-preinit] INFO  o.h.v.i.util.Version - [<clinit>,21] - HV000001: Hibernate Validator 6.1.6.Final
15:23:11.598 [restartedMain] INFO  c.p.PandaAdminApplication - [logStartupProfileInfo,664] - The following profiles are active: druid
15:23:12.118 [restartedMain] INFO  c.a.d.s.b.a.DruidDataSourceAutoConfigure - [dataSource,56] - Init DruidDataSource
15:23:12.402 [restartedMain] INFO  c.a.d.p.DruidDataSource - [init,985] - {dataSource-1} inited
15:25:23.946 [background-preinit] INFO  o.h.v.i.util.Version - [<clinit>,21] - HV000001: Hibernate Validator 6.1.6.Final
15:25:23.949 [restartedMain] INFO  c.p.PandaAdminApplication - [logStarting,55] - Starting PandaAdminApplication using Java 17.0.10 on bogon with PID 34892 (/Users/charlotte/Desktop/编程/临时项目/影院售票系统/CinemaBookingSystem/panda-admin/target/classes started by charlotte in /Users/charlotte/Desktop/编程/临时项目/影院售票系统/CinemaBookingSystem)
15:25:23.949 [restartedMain] INFO  c.p.PandaAdminApplication - [logStartupProfileInfo,664] - The following profiles are active: druid
15:25:24.405 [restartedMain] INFO  c.a.d.s.b.a.DruidDataSourceAutoConfigure - [dataSource,56] - Init DruidDataSource
15:25:24.688 [restartedMain] INFO  c.a.d.p.DruidDataSource - [init,985] - {dataSource-1} inited
15:25:24.946 [restartedMain] INFO  o.a.c.h.Http11NioProtocol - [log,173] - Initializing ProtocolHandler ["http-nio-8181"]
15:25:24.946 [restartedMain] INFO  o.a.c.c.StandardService - [log,173] - Starting service [Tomcat]
15:25:24.947 [restartedMain] INFO  o.a.c.c.StandardEngine - [log,173] - Starting Servlet engine: [Apache Tomcat/9.0.39]
15:25:24.974 [restartedMain] INFO  o.a.c.c.C.[.[.[/] - [log,173] - Initializing Spring embedded WebApplicationContext
15:25:25.399 [restartedMain] INFO  o.q.i.StdSchedulerFactory - [instantiate,1220] - Using default implementation for ThreadExecutor
15:25:25.403 [restartedMain] INFO  o.q.c.SchedulerSignalerImpl - [<init>,61] - Initialized Scheduler Signaller of type: class org.quartz.core.SchedulerSignalerImpl
15:25:25.403 [restartedMain] INFO  o.q.c.QuartzScheduler - [<init>,229] - Quartz Scheduler v.2.3.2 created.
15:25:25.403 [restartedMain] INFO  o.q.s.RAMJobStore - [initialize,155] - RAMJobStore initialized.
15:25:25.403 [restartedMain] INFO  o.q.c.QuartzScheduler - [initialize,294] - Scheduler meta-data: Quartz Scheduler (v2.3.2) 'quartzScheduler' with instanceId 'NON_CLUSTERED'
  Scheduler class: 'org.quartz.core.QuartzScheduler' - running locally.
  NOT STARTED.
  Currently in standby mode.
  Number of jobs executed: 0
  Using thread pool 'org.quartz.simpl.SimpleThreadPool' - with 10 threads.
  Using job-store 'org.quartz.simpl.RAMJobStore' - which does not support persistence. and is not clustered.

15:25:25.403 [restartedMain] INFO  o.q.i.StdSchedulerFactory - [instantiate,1374] - Quartz scheduler 'quartzScheduler' initialized from an externally provided properties instance.
15:25:25.404 [restartedMain] INFO  o.q.i.StdSchedulerFactory - [instantiate,1378] - Quartz scheduler version: 2.3.2
15:25:25.404 [restartedMain] INFO  o.q.c.QuartzScheduler - [setJobFactory,2293] - JobFactory set to: org.springframework.scheduling.quartz.SpringBeanJobFactory@46580b62
15:25:25.450 [restartedMain] INFO  o.a.c.h.Http11NioProtocol - [log,173] - Starting ProtocolHandler ["http-nio-8181"]
15:25:25.459 [restartedMain] INFO  o.q.c.QuartzScheduler - [start,547] - Scheduler quartzScheduler_$_NON_CLUSTERED started.
15:25:25.464 [restartedMain] INFO  c.p.PandaAdminApplication - [logStarted,61] - Started PandaAdminApplication in 1.719 seconds (JVM running for 2.09)
15:27:52.177 [Thread-5] INFO  o.q.c.QuartzScheduler - [standby,585] - Scheduler quartzScheduler_$_NON_CLUSTERED paused.
15:27:53.488 [Thread-5] INFO  o.q.c.QuartzScheduler - [shutdown,666] - Scheduler quartzScheduler_$_NON_CLUSTERED shutting down.
15:27:53.488 [Thread-5] INFO  o.q.c.QuartzScheduler - [standby,585] - Scheduler quartzScheduler_$_NON_CLUSTERED paused.
15:27:53.489 [Thread-5] INFO  o.q.c.QuartzScheduler - [shutdown,740] - Scheduler quartzScheduler_$_NON_CLUSTERED shutdown complete.
15:27:53.491 [Thread-5] INFO  c.a.d.p.DruidDataSource - [close,2032] - {dataSource-1} closing ...
15:27:53.495 [Thread-5] INFO  c.a.d.p.DruidDataSource - [close,2104] - {dataSource-1} closed
15:27:53.568 [restartedMain] INFO  c.p.PandaAdminApplication - [logStarting,55] - Starting PandaAdminApplication using Java 17.0.10 on bogon with PID 34892 (/Users/charlotte/Desktop/编程/临时项目/影院售票系统/CinemaBookingSystem/panda-admin/target/classes started by charlotte in /Users/charlotte/Desktop/编程/临时项目/影院售票系统/CinemaBookingSystem)
15:27:53.568 [restartedMain] INFO  c.p.PandaAdminApplication - [logStartupProfileInfo,664] - The following profiles are active: druid
15:27:53.730 [restartedMain] INFO  c.a.d.s.b.a.DruidDataSourceAutoConfigure - [dataSource,56] - Init DruidDataSource
15:27:53.824 [restartedMain] INFO  c.a.d.p.DruidDataSource - [init,985] - {dataSource-2} inited
15:27:53.879 [restartedMain] INFO  c.a.d.p.DruidDataSource - [close,2032] - {dataSource-2} closing ...
15:27:53.880 [restartedMain] INFO  c.a.d.p.DruidDataSource - [close,2104] - {dataSource-2} closed
18:03:21.764 [restartedMain] INFO  c.p.PandaAdminApplication - [logStarting,55] - Starting PandaAdminApplication using Java 17.0.10 on bogon with PID 34892 (/Users/charlotte/Desktop/编程/临时项目/影院售票系统/CinemaBookingSystem/panda-admin/target/classes started by charlotte in /Users/charlotte/Desktop/编程/临时项目/影院售票系统/CinemaBookingSystem)
18:03:21.764 [restartedMain] INFO  c.p.PandaAdminApplication - [logStartupProfileInfo,664] - The following profiles are active: druid
18:03:21.937 [restartedMain] INFO  c.a.d.s.b.a.DruidDataSourceAutoConfigure - [dataSource,56] - Init DruidDataSource
18:03:22.059 [restartedMain] INFO  c.a.d.p.DruidDataSource - [init,985] - {dataSource-3} inited
18:03:22.101 [restartedMain] INFO  c.a.d.p.DruidDataSource - [close,2032] - {dataSource-3} closing ...
18:03:22.102 [restartedMain] INFO  c.a.d.p.DruidDataSource - [close,2104] - {dataSource-3} closed
18:40:20.905 [background-preinit] INFO  o.h.v.i.util.Version - [<clinit>,21] - HV000001: Hibernate Validator 6.1.6.Final
18:40:20.907 [restartedMain] INFO  c.p.PandaAdminApplication - [logStarting,55] - Starting PandaAdminApplication using Java 17.0.10 on bogon with PID 40458 (/Users/charlotte/Desktop/编程/临时项目/影院售票系统/CinemaBookingSystem/panda-admin/target/classes started by charlotte in /Users/charlotte/Desktop/编程/临时项目/影院售票系统/CinemaBookingSystem)
18:40:20.907 [restartedMain] INFO  c.p.PandaAdminApplication - [logStartupProfileInfo,664] - The following profiles are active: druid
18:40:21.391 [restartedMain] INFO  c.a.d.s.b.a.DruidDataSourceAutoConfigure - [dataSource,56] - Init DruidDataSource
18:40:21.744 [restartedMain] INFO  c.a.d.p.DruidDataSource - [init,985] - {dataSource-1} inited
18:40:21.887 [restartedMain] INFO  c.a.d.p.DruidDataSource - [close,2032] - {dataSource-1} closing ...
18:40:21.890 [restartedMain] INFO  c.a.d.p.DruidDataSource - [close,2104] - {dataSource-1} closed
18:43:09.357 [background-preinit] INFO  o.h.v.i.util.Version - [<clinit>,21] - HV000001: Hibernate Validator 6.1.6.Final
18:43:09.360 [restartedMain] INFO  c.p.PandaAdminApplication - [logStarting,55] - Starting PandaAdminApplication using Java 17.0.10 on bogon with PID 41152 (/Users/charlotte/Desktop/编程/临时项目/影院售票系统/CinemaBookingSystem/panda-admin/target/classes started by charlotte in /Users/charlotte/Desktop/编程/临时项目/影院售票系统/CinemaBookingSystem)
18:43:09.360 [restartedMain] INFO  c.p.PandaAdminApplication - [logStartupProfileInfo,664] - The following profiles are active: druid
18:43:09.840 [restartedMain] INFO  c.a.d.s.b.a.DruidDataSourceAutoConfigure - [dataSource,56] - Init DruidDataSource
18:43:10.165 [restartedMain] INFO  c.a.d.p.DruidDataSource - [init,985] - {dataSource-1} inited
18:43:10.304 [restartedMain] INFO  c.a.d.p.DruidDataSource - [close,2032] - {dataSource-1} closing ...
18:43:10.307 [restartedMain] INFO  c.a.d.p.DruidDataSource - [close,2104] - {dataSource-1} closed
18:45:45.888 [background-preinit] INFO  o.h.v.i.util.Version - [<clinit>,21] - HV000001: Hibernate Validator 6.1.6.Final
18:45:45.890 [restartedMain] INFO  c.p.PandaAdminApplication - [logStarting,55] - Starting PandaAdminApplication using Java 17.0.10 on bogon with PID 41238 (/Users/charlotte/Desktop/编程/临时项目/影院售票系统/CinemaBookingSystem/panda-admin/target/classes started by charlotte in /Users/charlotte/Desktop/编程/临时项目/影院售票系统/CinemaBookingSystem)
18:45:45.891 [restartedMain] INFO  c.p.PandaAdminApplication - [logStartupProfileInfo,664] - The following profiles are active: druid
18:45:46.332 [restartedMain] INFO  c.a.d.s.b.a.DruidDataSourceAutoConfigure - [dataSource,56] - Init DruidDataSource
18:45:46.584 [restartedMain] INFO  c.a.d.p.DruidDataSource - [init,985] - {dataSource-1} inited
18:45:46.708 [restartedMain] INFO  c.a.d.p.DruidDataSource - [close,2032] - {dataSource-1} closing ...
18:45:46.711 [restartedMain] INFO  c.a.d.p.DruidDataSource - [close,2104] - {dataSource-1} closed
18:48:02.161 [background-preinit] INFO  o.h.v.i.util.Version - [<clinit>,21] - HV000001: Hibernate Validator 6.1.6.Final
18:48:02.163 [restartedMain] INFO  c.p.PandaAdminApplication - [logStarting,55] - Starting PandaAdminApplication using Java 17.0.10 on bogon with PID 41423 (/Users/charlotte/Desktop/编程/临时项目/影院售票系统/CinemaBookingSystem/panda-admin/target/classes started by charlotte in /Users/charlotte/Desktop/编程/临时项目/影院售票系统/CinemaBookingSystem)
18:48:02.164 [restartedMain] INFO  c.p.PandaAdminApplication - [logStartupProfileInfo,664] - The following profiles are active: druid
18:48:03.023 [restartedMain] INFO  c.a.d.s.b.a.DruidDataSourceAutoConfigure - [dataSource,56] - Init DruidDataSource
18:48:03.412 [restartedMain] INFO  c.a.d.p.DruidDataSource - [init,985] - {dataSource-1} inited
18:48:03.611 [restartedMain] INFO  c.a.d.p.DruidDataSource - [close,2032] - {dataSource-1} closing ...
18:48:03.614 [restartedMain] INFO  c.a.d.p.DruidDataSource - [close,2104] - {dataSource-1} closed
18:50:46.009 [background-preinit] INFO  o.h.v.i.util.Version - [<clinit>,21] - HV000001: Hibernate Validator 6.1.6.Final
18:50:46.009 [restartedMain] INFO  c.p.PandaAdminApplication - [logStarting,55] - Starting PandaAdminApplication using Java 17.0.10 on bogon with PID 42110 (/Users/charlotte/Desktop/编程/临时项目/影院售票系统/CinemaBookingSystem/panda-admin/target/classes started by charlotte in /Users/charlotte/Desktop/编程/临时项目/影院售票系统/CinemaBookingSystem)
18:50:46.011 [restartedMain] INFO  c.p.PandaAdminApplication - [logStartupProfileInfo,664] - The following profiles are active: druid
18:50:46.582 [restartedMain] INFO  c.a.d.s.b.a.DruidDataSourceAutoConfigure - [dataSource,56] - Init DruidDataSource
18:50:46.946 [restartedMain] INFO  c.a.d.p.DruidDataSource - [init,985] - {dataSource-1} inited
18:50:47.088 [restartedMain] INFO  c.a.d.p.DruidDataSource - [close,2032] - {dataSource-1} closing ...
18:50:47.092 [restartedMain] INFO  c.a.d.p.DruidDataSource - [close,2104] - {dataSource-1} closed
18:51:51.034 [background-preinit] INFO  o.h.v.i.util.Version - [<clinit>,21] - HV000001: Hibernate Validator 6.1.6.Final
18:51:51.037 [restartedMain] INFO  c.p.PandaAdminApplication - [logStarting,55] - Starting PandaAdminApplication using Java 17.0.10 on bogon with PID 42514 (/Users/charlotte/Desktop/编程/临时项目/影院售票系统/CinemaBookingSystem/panda-admin/target/classes started by charlotte in /Users/charlotte/Desktop/编程/临时项目/影院售票系统/CinemaBookingSystem)
18:51:51.038 [restartedMain] INFO  c.p.PandaAdminApplication - [logStartupProfileInfo,664] - The following profiles are active: druid
18:51:51.534 [restartedMain] INFO  c.a.d.s.b.a.DruidDataSourceAutoConfigure - [dataSource,56] - Init DruidDataSource
18:51:51.794 [restartedMain] INFO  c.a.d.p.DruidDataSource - [init,985] - {dataSource-1} inited
18:51:51.933 [restartedMain] INFO  c.a.d.p.DruidDataSource - [close,2032] - {dataSource-1} closing ...
18:51:51.936 [restartedMain] INFO  c.a.d.p.DruidDataSource - [close,2104] - {dataSource-1} closed
18:51:58.971 [background-preinit] INFO  o.h.v.i.util.Version - [<clinit>,21] - HV000001: Hibernate Validator 6.1.6.Final
18:51:58.973 [restartedMain] INFO  c.p.PandaAdminApplication - [logStarting,55] - Starting PandaAdminApplication using Java 17.0.10 on bogon with PID 42578 (/Users/charlotte/Desktop/编程/临时项目/影院售票系统/CinemaBookingSystem/panda-admin/target/classes started by charlotte in /Users/charlotte/Desktop/编程/临时项目/影院售票系统/CinemaBookingSystem)
18:51:58.974 [restartedMain] INFO  c.p.PandaAdminApplication - [logStartupProfileInfo,664] - The following profiles are active: druid
18:52:15.121 [background-preinit] INFO  o.h.v.i.util.Version - [<clinit>,21] - HV000001: Hibernate Validator 6.1.6.Final
18:52:15.122 [restartedMain] INFO  c.p.PandaAdminApplication - [logStarting,55] - Starting PandaAdminApplication using Java 17.0.10 on bogon with PID 42614 (/Users/charlotte/Desktop/编程/临时项目/影院售票系统/CinemaBookingSystem/panda-admin/target/classes started by charlotte in /Users/charlotte/Desktop/编程/临时项目/影院售票系统/CinemaBookingSystem)
18:52:15.123 [restartedMain] INFO  c.p.PandaAdminApplication - [logStartupProfileInfo,664] - The following profiles are active: druid
18:52:33.927 [background-preinit] INFO  o.h.v.i.util.Version - [<clinit>,21] - HV000001: Hibernate Validator 6.1.6.Final
18:52:33.930 [restartedMain] INFO  c.p.PandaAdminApplication - [logStarting,55] - Starting PandaAdminApplication using Java 17.0.10 on bogon with PID 42755 (/Users/charlotte/Desktop/编程/临时项目/影院售票系统/CinemaBookingSystem/panda-admin/target/classes started by charlotte in /Users/charlotte/Desktop/编程/临时项目/影院售票系统/CinemaBookingSystem)
18:52:33.930 [restartedMain] INFO  c.p.PandaAdminApplication - [logStartupProfileInfo,664] - The following profiles are active: druid
18:58:44.400 [restartedMain] INFO  c.p.PandaAdminApplication - [logStarting,55] - Starting PandaAdminApplication using Java 17.0.10 on bogon with PID 43209 (/Users/charlotte/Desktop/编程/临时项目/影院售票系统/CinemaBookingSystem/panda-admin/target/classes started by charlotte in /Users/charlotte/Desktop/编程/临时项目/影院售票系统/CinemaBookingSystem)
18:58:44.401 [restartedMain] INFO  c.p.PandaAdminApplication - [logStartupProfileInfo,641] - The following profiles are active: druid
18:58:44.402 [background-preinit] INFO  o.h.v.i.util.Version - [<clinit>,21] - HV000001: Hibernate Validator 6.2.0.Final
18:58:44.885 [restartedMain] INFO  c.a.d.s.b.a.DruidDataSourceAutoConfigure - [dataSource,56] - Init DruidDataSource
18:58:45.208 [restartedMain] INFO  c.a.d.p.DruidDataSource - [init,985] - {dataSource-1} inited
18:58:45.464 [restartedMain] INFO  o.a.c.h.Http11NioProtocol - [log,173] - Initializing ProtocolHandler ["http-nio-8181"]
18:58:45.465 [restartedMain] INFO  o.a.c.c.StandardService - [log,173] - Starting service [Tomcat]
18:58:45.465 [restartedMain] INFO  o.a.c.c.StandardEngine - [log,173] - Starting Servlet engine: [Apache Tomcat/9.0.56]
18:58:45.495 [restartedMain] INFO  o.a.c.c.C.[.[.[/] - [log,173] - Initializing Spring embedded WebApplicationContext
18:58:45.882 [restartedMain] INFO  c.a.d.p.DruidDataSource - [close,2032] - {dataSource-1} closing ...
18:58:45.885 [restartedMain] INFO  c.a.d.p.DruidDataSource - [close,2104] - {dataSource-1} closed
18:58:45.886 [restartedMain] INFO  o.a.c.c.StandardService - [log,173] - Stopping service [Tomcat]
19:01:39.230 [background-preinit] INFO  o.h.v.i.util.Version - [<clinit>,21] - HV000001: Hibernate Validator 6.2.0.Final
19:01:39.234 [restartedMain] INFO  c.p.PandaAdminApplication - [logStarting,55] - Starting PandaAdminApplication using Java 17.0.10 on bogon with PID 43309 (/Users/charlotte/Desktop/编程/临时项目/影院售票系统/CinemaBookingSystem/panda-admin/target/classes started by charlotte in /Users/charlotte/Desktop/编程/临时项目/影院售票系统/CinemaBookingSystem)
19:01:39.235 [restartedMain] INFO  c.p.PandaAdminApplication - [logStartupProfileInfo,641] - The following profiles are active: druid
19:01:39.706 [restartedMain] INFO  c.a.d.s.b.a.DruidDataSourceAutoConfigure - [dataSource,56] - Init DruidDataSource
19:01:39.957 [restartedMain] INFO  c.a.d.p.DruidDataSource - [init,985] - {dataSource-1} inited
19:01:40.387 [restartedMain] INFO  o.a.c.h.Http11NioProtocol - [log,173] - Initializing ProtocolHandler ["http-nio-8181"]
19:01:40.388 [restartedMain] INFO  o.a.c.c.StandardService - [log,173] - Starting service [Tomcat]
19:01:40.388 [restartedMain] INFO  o.a.c.c.StandardEngine - [log,173] - Starting Servlet engine: [Apache Tomcat/9.0.56]
19:01:40.416 [restartedMain] INFO  o.a.c.c.C.[.[.[/] - [log,173] - Initializing Spring embedded WebApplicationContext
19:01:40.929 [restartedMain] INFO  o.q.i.StdSchedulerFactory - [instantiate,1220] - Using default implementation for ThreadExecutor
19:01:40.933 [restartedMain] INFO  o.q.c.SchedulerSignalerImpl - [<init>,61] - Initialized Scheduler Signaller of type: class org.quartz.core.SchedulerSignalerImpl
19:01:40.933 [restartedMain] INFO  o.q.c.QuartzScheduler - [<init>,229] - Quartz Scheduler v.2.3.2 created.
19:01:40.934 [restartedMain] INFO  o.q.s.RAMJobStore - [initialize,155] - RAMJobStore initialized.
19:01:40.934 [restartedMain] INFO  o.q.c.QuartzScheduler - [initialize,294] - Scheduler meta-data: Quartz Scheduler (v2.3.2) 'quartzScheduler' with instanceId 'NON_CLUSTERED'
  Scheduler class: 'org.quartz.core.QuartzScheduler' - running locally.
  NOT STARTED.
  Currently in standby mode.
  Number of jobs executed: 0
  Using thread pool 'org.quartz.simpl.SimpleThreadPool' - with 10 threads.
  Using job-store 'org.quartz.simpl.RAMJobStore' - which does not support persistence. and is not clustered.

19:01:40.934 [restartedMain] INFO  o.q.i.StdSchedulerFactory - [instantiate,1374] - Quartz scheduler 'quartzScheduler' initialized from an externally provided properties instance.
19:01:40.934 [restartedMain] INFO  o.q.i.StdSchedulerFactory - [instantiate,1378] - Quartz scheduler version: 2.3.2
19:01:40.934 [restartedMain] INFO  o.q.c.QuartzScheduler - [setJobFactory,2293] - JobFactory set to: org.springframework.scheduling.quartz.SpringBeanJobFactory@61fe60c0
19:01:40.982 [restartedMain] INFO  o.a.c.h.Http11NioProtocol - [log,173] - Starting ProtocolHandler ["http-nio-8181"]
19:01:40.993 [restartedMain] INFO  o.q.c.QuartzScheduler - [start,547] - Scheduler quartzScheduler_$_NON_CLUSTERED started.
19:01:40.998 [restartedMain] INFO  c.p.PandaAdminApplication - [logStarted,61] - Started PandaAdminApplication in 1.96 seconds (JVM running for 2.286)
19:01:51.425 [http-nio-8181-exec-1] INFO  o.a.c.c.C.[.[.[/] - [log,173] - Initializing Spring DispatcherServlet 'dispatcherServlet'
19:02:03.967 [http-nio-8181-exec-2] INFO  c.p.c.utils.JwtUtil - [verify,38] - 登录验证成功!
19:02:05.759 [http-nio-8181-exec-1] INFO  c.p.c.utils.JwtUtil - [verify,38] - 登录验证成功!
19:02:05.764 [http-nio-8181-exec-10] INFO  c.p.c.utils.JwtUtil - [verify,38] - 登录验证成功!
19:05:34.964 [http-nio-8181-exec-5] INFO  c.p.c.utils.JwtUtil - [verify,38] - 登录验证成功!
19:05:35.050 [http-nio-8181-exec-1] INFO  c.p.c.utils.JwtUtil - [verify,38] - 登录验证成功!
19:05:35.062 [http-nio-8181-exec-9] INFO  c.p.c.utils.JwtUtil - [verify,38] - 登录验证成功!
19:05:55.939 [http-nio-8181-exec-1] INFO  c.p.c.utils.JwtUtil - [verify,38] - 登录验证成功!
19:12:44.835 [http-nio-8181-exec-9] INFO  c.p.c.utils.JwtUtil - [verify,38] - 登录验证成功!
19:12:44.856 [http-nio-8181-exec-4] INFO  c.p.c.utils.JwtUtil - [verify,38] - 登录验证成功!
19:12:44.871 [http-nio-8181-exec-3] INFO  c.p.c.utils.JwtUtil - [verify,38] - 登录验证成功!
19:14:21.887 [http-nio-8181-exec-2] INFO  c.p.c.utils.JwtUtil - [verify,38] - 登录验证成功!
19:14:26.238 [http-nio-8181-exec-4] INFO  c.p.c.utils.JwtUtil - [verify,38] - 登录验证成功!
19:14:26.250 [http-nio-8181-exec-5] INFO  c.p.c.utils.JwtUtil - [verify,38] - 登录验证成功!
19:14:42.261 [http-nio-8181-exec-3] INFO  c.p.c.utils.JwtUtil - [verify,38] - 登录验证成功!
19:15:25.623 [http-nio-8181-exec-5] INFO  c.p.c.utils.JwtUtil - [verify,38] - 登录验证成功!
19:15:25.642 [http-nio-8181-exec-8] INFO  c.p.c.utils.JwtUtil - [verify,38] - 登录验证成功!
19:15:25.704 [http-nio-8181-exec-7] INFO  c.p.c.utils.JwtUtil - [verify,38] - 登录验证成功!
19:15:45.883 [http-nio-8181-exec-8] INFO  c.p.c.utils.JwtUtil - [verify,38] - 登录验证成功!
19:15:49.738 [http-nio-8181-exec-10] INFO  c.p.c.utils.JwtUtil - [verify,38] - 登录验证成功!
19:15:49.739 [http-nio-8181-exec-9] INFO  c.p.c.utils.JwtUtil - [verify,38] - 登录验证成功!
19:16:04.747 [http-nio-8181-exec-1] INFO  c.p.c.utils.JwtUtil - [verify,38] - 登录验证成功!
19:16:12.360 [http-nio-8181-exec-10] INFO  c.p.c.utils.JwtUtil - [verify,38] - 登录验证成功!
19:16:16.945 [http-nio-8181-exec-7] INFO  c.p.c.utils.JwtUtil - [verify,38] - 登录验证成功!
19:16:21.279 [http-nio-8181-exec-5] INFO  c.p.c.utils.JwtUtil - [verify,38] - 登录验证成功!
19:16:22.776 [http-nio-8181-exec-3] INFO  c.p.c.utils.JwtUtil - [verify,38] - 登录验证成功!
19:16:26.905 [http-nio-8181-exec-6] INFO  c.p.c.utils.JwtUtil - [verify,38] - 登录验证成功!
19:16:26.905 [http-nio-8181-exec-2] INFO  c.p.c.utils.JwtUtil - [verify,38] - 登录验证成功!
19:16:31.341 [http-nio-8181-exec-1] INFO  c.p.c.utils.JwtUtil - [verify,38] - 登录验证成功!
19:16:34.189 [http-nio-8181-exec-9] INFO  c.p.c.utils.JwtUtil - [verify,38] - 登录验证成功!
19:16:34.189 [http-nio-8181-exec-2] INFO  c.p.c.utils.JwtUtil - [verify,38] - 登录验证成功!
19:16:35.162 [http-nio-8181-exec-6] INFO  c.p.c.utils.JwtUtil - [verify,38] - 登录验证成功!
19:16:36.531 [http-nio-8181-exec-1] INFO  c.p.c.utils.JwtUtil - [verify,38] - 登录验证成功!
19:16:36.531 [http-nio-8181-exec-5] INFO  c.p.c.utils.JwtUtil - [verify,38] - 登录验证成功!
19:16:38.507 [http-nio-8181-exec-9] INFO  c.p.c.utils.JwtUtil - [verify,38] - 登录验证成功!
19:16:44.387 [http-nio-8181-exec-7] INFO  c.p.c.utils.JwtUtil - [verify,38] - 登录验证成功!
19:17:39.462 [http-nio-8181-exec-2] INFO  c.p.c.utils.JwtUtil - [verify,38] - 登录验证成功!
19:17:42.658 [http-nio-8181-exec-6] INFO  c.p.c.utils.JwtUtil - [verify,38] - 登录验证成功!
19:17:44.677 [http-nio-8181-exec-7] INFO  c.p.c.utils.JwtUtil - [verify,38] - 登录验证成功!
19:17:45.589 [http-nio-8181-exec-4] INFO  c.p.c.utils.JwtUtil - [verify,38] - 登录验证成功!
19:17:47.775 [http-nio-8181-exec-9] INFO  c.p.c.utils.JwtUtil - [verify,38] - 登录验证成功!
19:17:47.775 [http-nio-8181-exec-6] INFO  c.p.c.utils.JwtUtil - [verify,38] - 登录验证成功!
19:18:25.753 [http-nio-8181-exec-5] INFO  c.p.c.utils.JwtUtil - [verify,38] - 登录验证成功!
19:18:25.770 [http-nio-8181-exec-2] INFO  c.p.c.utils.JwtUtil - [verify,38] - 登录验证成功!
19:18:25.827 [http-nio-8181-exec-6] INFO  c.p.c.utils.JwtUtil - [verify,38] - 登录验证成功!
19:19:20.624 [http-nio-8181-exec-10] INFO  c.p.c.utils.JwtUtil - [verify,38] - 登录验证成功!
19:19:20.686 [http-nio-8181-exec-8] INFO  c.p.c.utils.JwtUtil - [verify,38] - 登录验证成功!
19:19:23.982 [http-nio-8181-exec-3] INFO  c.p.c.utils.JwtUtil - [verify,38] - 登录验证成功!
19:19:25.697 [http-nio-8181-exec-5] INFO  c.p.c.utils.JwtUtil - [verify,38] - 登录验证成功!
19:19:27.416 [http-nio-8181-exec-7] INFO  c.p.c.utils.JwtUtil - [verify,38] - 登录验证成功!
19:19:38.297 [http-nio-8181-exec-4] INFO  c.p.c.utils.JwtUtil - [verify,38] - 登录验证成功!
19:19:39.889 [http-nio-8181-exec-1] INFO  c.p.c.utils.JwtUtil - [verify,38] - 登录验证成功!
19:19:42.321 [http-nio-8181-exec-10] INFO  c.p.c.utils.JwtUtil - [verify,38] - 登录验证成功!
